Arguments: 
  /usr/bin/node /usr/share/yarn/bin/yarn.js add node-mailchimp

PATH: 
  /home/gkilly/google-cloud-sdk/bin:/home/gkilly/.vscode-server/bin/fe22a9645b44368865c0ba92e2fb881ff1afce94/bin:/home/gkilly/applications/dart-sass:/home/gkilly/.npm-global/bin:/opt/gradle/gradle-5.0/bin:/usr/local/sbin:/usr/local/bin:/usr/sbin:/usr/bin:/sbin:/bin:/usr/games:/usr/local/games:/mnt/c/Windows/system32:/mnt/c/Windows:/mnt/c/Windows/System32/Wbem:/mnt/c/Windows/System32/WindowsPowerShell/v1.0/:/mnt/c/Windows/System32/OpenSSH/:/mnt/c/Program Files/NVIDIA Corporation/NVIDIA NvDLISR:/mnt/c/Program Files (x86)/NVIDIA Corporation/PhysX/Common:/mnt/c/Program Files/Git/cmd:/mnt/c/Program Files/PuTTY/:/mnt/c/Users/GKILL/Documents/Software/cwrsync:/%SystemRoot%/system32:/%SystemRoot%:/%SystemRoot%/System32/Wbem:/%SYSTEMROOT%/System32/WindowsPowerShell/v1.0/:/%SYSTEMROOT%/System32/OpenSSH/:/mnt/c/Users/GKILL/AppData/Local/Microsoft/WindowsApps:/mnt/c/Users/GKILL/AppData/Local/Programs/Microsoft VS Code/bin:/snap/bin

Yarn version: 
  1.21.1

Node version: 
  13.7.0

Platform: 
  linux x64

Trace: 
  Error: https://registry.yarnpkg.com/node-mailchimp: Not found
      at Request.params.callback [as _callback] (/usr/share/yarn/lib/cli.js:66947:18)
      at Request.self.callback (/usr/share/yarn/lib/cli.js:140665:22)
      at Request.emit (events.js:321:20)
      at Request.<anonymous> (/usr/share/yarn/lib/cli.js:141637:10)
      at Request.emit (events.js:321:20)
      at IncomingMessage.<anonymous> (/usr/share/yarn/lib/cli.js:141559:12)
      at Object.onceWrapper (events.js:427:28)
      at IncomingMessage.emit (events.js:333:22)
      at endReadableNT (_stream_readable.js:1201:12)
      at processTicksAndRejections (internal/process/task_queues.js:84:21)

npm manifest: 
  {
    "name": "0cashtoclose.com",
    "version": "1.0.0",
    "description": "Marketing site for small financial services company using Bootstrapmade template.",
    "main": "server/index.js",
    "repository": "git@github.com:gabrielkilly/0cashtoclose.git",
    "author": "Gabriel Killy <gabby.killy@gmail.com>",
    "license": "MIT"
  }

yarn manifest: 
  No manifest

Lockfile: 
  No lockfile
